<?xml version="1.0" encoding="UTF-8"?>
<!-- Generated by org.testng.reporters.JUnitReportReporter -->
<testsuite hostname="priyaranjan" failures="0" tests="1" name="com.pathnxt.irctcTest.launchTest" time="5.055" errors="0" timestamp="2022-12-08T15:38:24 IST" skipped="0">
  <testcase classname="com.pathnxt.irctcTest.launchTest" name="tc_01_launchtest" time="5.055"/>
  <system-out/>
</testsuite> <!-- com.pathnxt.irctcTest.launchTest -->
