<?xml version="1.0" encoding="UTF-8"?>
<!-- Generated by org.testng.reporters.JUnitReportReporter -->
<testsuite hostname="priyaranjan" failures="0" tests="1" name="com.pathnxt.hyrtutorials.DropDownTest" time="37.198" errors="0" timestamp="2022-12-15T18:22:02 IST" skipped="0">
  <testcase classname="com.pathnxt.hyrtutorials.DropDownTest" name="dropsown" time="37.198"/>
  <system-out/>
</testsuite> <!-- com.pathnxt.hyrtutorials.DropDownTest -->
