<?xml version="1.0" encoding="UTF-8"?>
<!-- Generated by org.testng.reporters.JUnitReportReporter -->
<testsuite hostname="priyaranjan" failures="0" tests="1" name="com.pathnxt.restassured.PostUsingJsonFileTest" time="3.263" errors="0" timestamp="2022-12-20T14:22:52 IST" skipped="0">
  <testcase classname="com.pathnxt.restassured.PostUsingJsonFileTest" name="createusingjsonfile" time="3.263"/>
  <system-out/>
</testsuite> <!-- com.pathnxt.restassured.PostUsingJsonFileTest -->
