<?xml version="1.0" encoding="UTF-8"?>
<!-- Generated by org.testng.reporters.JUnitReportReporter -->
<testsuite hostname="priyaranjan" failures="0" tests="1" name="com.pathnxt.restassured.DeleteAProjectTest" time="3.457" errors="0" timestamp="2022-12-20T13:14:41 IST" skipped="0">
  <testcase classname="com.pathnxt.restassured.DeleteAProjectTest" name="deleteaproject" time="3.457"/>
  <system-out/>
</testsuite> <!-- com.pathnxt.restassured.DeleteAProjectTest -->
