<?xml version="1.0" encoding="UTF-8"?>
<!-- Generated by org.testng.reporters.JUnitReportReporter -->
<testsuite hostname="priyaranjan" failures="0" tests="1" name="com.pathnxt.hyrtutorials.MulitpleTabsTest" time="37.729" errors="0" timestamp="2022-12-12T18:05:14 IST" skipped="0">
  <testcase classname="com.pathnxt.hyrtutorials.MulitpleTabsTest" name="multipletabs" time="37.729"/>
  <system-out/>
</testsuite> <!-- com.pathnxt.hyrtutorials.MulitpleTabsTest -->
