<?xml version="1.0" encoding="UTF-8"?>
<!-- Generated by org.testng.reporters.JUnitReportReporter -->
<testsuite hostname="priyaranjan" failures="0" tests="1" name="com.pathnxt.demoqa.HandleSliderTest" time="7.987" errors="0" timestamp="2022-12-14T19:02:00 IST" skipped="0">
  <testcase classname="com.pathnxt.demoqa.HandleSliderTest" name="slider" time="7.987"/>
  <system-out/>
</testsuite> <!-- com.pathnxt.demoqa.HandleSliderTest -->
