<?xml version="1.0" encoding="UTF-8"?>
<!-- Generated by org.testng.reporters.JUnitReportReporter -->
<testsuite hostname="priyaranjan" failures="0" tests="1" name="com.pathnxt.restassuredwithBDD.PostUsingHashMapTest" time="0.606" errors="0" timestamp="2022-12-27T16:27:56 IST" skipped="0">
  <testcase classname="com.pathnxt.restassuredwithBDD.PostUsingHashMapTest" name="createusinghashmap" time="0.606"/>
  <system-out/>
</testsuite> <!-- com.pathnxt.restassuredwithBDD.PostUsingHashMapTest -->
