<?xml version="1.0" encoding="UTF-8"?>
<!-- Generated by org.testng.reporters.JUnitReportReporter -->
<testsuite hostname="priyaranjan" failures="0" tests="1" name="com.pathnxt.restassuredwithBDD.PostUsingJsonFileTest" time="0.456" errors="0" timestamp="2022-12-27T16:27:56 IST" skipped="0">
  <testcase classname="com.pathnxt.restassuredwithBDD.PostUsingJsonFileTest" name="createusingjsonfile" time="0.456"/>
  <system-out/>
</testsuite> <!-- com.pathnxt.restassuredwithBDD.PostUsingJsonFileTest -->
