<?xml version="1.0" encoding="UTF-8"?>
<!-- Generated by org.testng.reporters.JUnitReportReporter -->
<testsuite hostname="priyaranjan" failures="0" tests="1" name="com.pathnxt.restassuredwithoutBDD.CreateAUserTest" time="5.038" errors="0" timestamp="2022-12-21T13:14:12 IST" skipped="0">
  <testcase classname="com.pathnxt.restassuredwithoutBDD.CreateAUserTest" name="createuser" time="5.038"/>
  <system-out/>
</testsuite> <!-- com.pathnxt.restassuredwithoutBDD.CreateAUserTest -->
