<?xml version="1.0" encoding="UTF-8"?>
<!-- Generated by org.testng.reporters.JUnitReportReporter -->
<testsuite hostname="priyaranjan" failures="0" tests="1" name="com.pathnxt.irctcTest.VerifyTrainShceduleTest" time="17.448" errors="0" timestamp="2022-12-16T16:43:08 IST" skipped="0">
  <testcase classname="com.pathnxt.irctcTest.VerifyTrainShceduleTest" name="verifytrainshedule" time="17.448"/>
  <system-out/>
</testsuite> <!-- com.pathnxt.irctcTest.VerifyTrainShceduleTest -->
