<?xml version="1.0" encoding="UTF-8"?>
<!-- Generated by org.testng.reporters.JUnitReportReporter -->
<testsuite hostname="priyaranjan" failures="0" tests="1" name="com.pathnxt.redbusTest.verifySucessfulLaunchingTest" time="5.661" errors="0" timestamp="2022-12-09T17:32:52 IST" skipped="0">
  <testcase classname="com.pathnxt.redbusTest.verifySucessfulLaunchingTest" name="verifyredbuslaunch" time="5.661"/>
  <system-out/>
</testsuite> <!-- com.pathnxt.redbusTest.verifySucessfulLaunchingTest -->
