<?xml version="1.0" encoding="UTF-8"?>
<!-- Generated by org.testng.reporters.JUnitReportReporter -->
<testsuite hostname="priyaranjan" failures="0" tests="1" name="com.pathnxt.restassuredwithBDD.GetAlltUsersTest" time="0.151" errors="0" timestamp="2022-12-27T16:27:56 IST" skipped="0">
  <testcase classname="com.pathnxt.restassuredwithBDD.GetAlltUsersTest" name="getallusers" time="0.151"/>
  <system-out/>
</testsuite> <!-- com.pathnxt.restassuredwithBDD.GetAlltUsersTest -->
