<?xml version="1.0" encoding="UTF-8"?>
<!-- Generated by org.testng.reporters.JUnitReportReporter -->
<testsuite hostname="priyaranjan" failures="0" tests="1" name="com.pathnxt.restassuredparameter.QueryParameterTest" time="0.150" errors="0" timestamp="2022-12-27T16:27:56 IST" skipped="0">
  <testcase classname="com.pathnxt.restassuredparameter.QueryParameterTest" name="queryparameter" time="0.150"/>
  <system-out/>
</testsuite> <!-- com.pathnxt.restassuredparameter.QueryParameterTest -->
