<?xml version="1.0" encoding="UTF-8"?>
<!-- Generated by org.testng.reporters.JUnitReportReporter -->
<testsuite hostname="priyaranjan" failures="0" tests="1" name="com.pathnxt.restassured.GetAlltUsersTest" time="3.535" errors="0" timestamp="2022-12-20T13:52:19 IST" skipped="0">
  <testcase classname="com.pathnxt.restassured.GetAlltUsersTest" name="getallusers" time="3.535"/>
  <system-out/>
</testsuite> <!-- com.pathnxt.restassured.GetAlltUsersTest -->
