<?xml version="1.0" encoding="UTF-8"?>
<!-- Generated by org.testng.reporters.JUnitReportReporter -->
<testsuite hostname="priyaranjan" failures="0" tests="1" name="com.pathnxt.irctcTest.verifyNumberOfTrainsTest" time="21.436" errors="0" timestamp="2022-12-16T17:17:51 IST" skipped="0">
  <testcase classname="com.pathnxt.irctcTest.verifyNumberOfTrainsTest" name="verifynumberoftrains" time="21.436"/>
  <system-out/>
</testsuite> <!-- com.pathnxt.irctcTest.verifyNumberOfTrainsTest -->
