<?xml version="1.0" encoding="UTF-8"?>
<!-- Generated by org.testng.reporters.JUnitReportReporter -->
<testsuite hostname="priyaranjan" failures="0" tests="8" name="com.pathnxt.dataprovider.LoginUsingDataproviderTest" time="55.930" errors="0" timestamp="2022-12-19T18:31:43 IST" skipped="0">
  <testcase classname="com.pathnxt.dataprovider.LoginUsingDataproviderTest" name="Logindataprovider" time="8.656"/>
  <system-out/>
  <testcase classname="com.pathnxt.dataprovider.LoginUsingDataproviderTest" name="Logindataprovider" time="6.482"/>
  <system-out/>
  <testcase classname="com.pathnxt.dataprovider.LoginUsingDataproviderTest" name="Logindataprovider" time="5.651"/>
  <system-out/>
  <testcase classname="com.pathnxt.dataprovider.LoginUsingDataproviderTest" name="Logindataprovider" time="6.300"/>
  <system-out/>
  <testcase classname="com.pathnxt.dataprovider.LoginUsingDataproviderTest" name="Logindataprovider" time="6.026"/>
  <system-out/>
  <testcase classname="com.pathnxt.dataprovider.LoginUsingDataproviderTest" name="Logindataprovider" time="10.679"/>
  <system-out/>
  <testcase classname="com.pathnxt.dataprovider.LoginUsingDataproviderTest" name="Logindataprovider" time="5.926"/>
  <system-out/>
  <testcase classname="com.pathnxt.dataprovider.LoginUsingDataproviderTest" name="Logindataprovider" time="6.210"/>
  <system-out/>
</testsuite> <!-- com.pathnxt.dataprovider.LoginUsingDataproviderTest -->
