<?xml version="1.0" encoding="UTF-8"?>
<!-- Generated by org.testng.reporters.JUnitReportReporter -->
<testsuite hostname="priyaranjan" failures="0" tests="1" name="com.pathnxt.jquery.DragAndDropTest" time="5.526" errors="0" timestamp="2022-12-14T19:02:00 IST" skipped="0">
  <testcase classname="com.pathnxt.jquery.DragAndDropTest" name="draganddrop" time="5.526"/>
  <system-out/>
</testsuite> <!-- com.pathnxt.jquery.DragAndDropTest -->
