<?xml version="1.0" encoding="UTF-8"?>
<!-- Generated by org.testng.reporters.JUnitReportReporter -->
<testsuite hostname="priyaranjan" failures="0" tests="1" name="com.pathnxt.redbusTest.verifySucessfulLaunchingTest" time="5.875" errors="0" timestamp="2022-12-08T18:38:55 IST" skipped="0">
  <testcase classname="com.pathnxt.redbusTest.verifySucessfulLaunchingTest" name="tc_01_launchtest" time="5.875"/>
  <system-out/>
</testsuite> <!-- com.pathnxt.redbusTest.verifySucessfulLaunchingTest -->
