<?xml version="1.0" encoding="UTF-8"?>
<!-- Generated by org.testng.reporters.JUnitReportReporter -->
<testsuite hostname="priyaranjan" failures="0" tests="1" name="com.pathnxt.restassured.PostUsingHashMapTest" time="4.732" errors="0" timestamp="2022-12-20T14:15:02 IST" skipped="0">
  <testcase classname="com.pathnxt.restassured.PostUsingHashMapTest" name="createusinghashmap" time="4.732"/>
  <system-out/>
</testsuite> <!-- com.pathnxt.restassured.PostUsingHashMapTest -->
