<?xml version="1.0" encoding="UTF-8"?>
<!-- Generated by org.testng.reporters.JUnitReportReporter -->
<testsuite hostname="priyaranjan" failures="0" tests="1" name="com.pathnxt.irctcTest.verifyLoginTest" time="12.561" errors="0" timestamp="2022-12-09T00:22:51 IST" skipped="0">
  <testcase classname="com.pathnxt.irctcTest.verifyLoginTest" name="verifylogintest" time="12.561"/>
  <system-out/>
</testsuite> <!-- com.pathnxt.irctcTest.verifyLoginTest -->
