<?xml version="1.0" encoding="UTF-8"?>
<!-- Generated by org.testng.reporters.JUnitReportReporter -->
<testsuite hostname="priyaranjan" failures="0" tests="1" name="com.pathnxt.internethero.FileUploadTest" time="121.748" errors="0" timestamp="2022-12-14T19:02:00 IST" skipped="0">
  <testcase classname="com.pathnxt.internethero.FileUploadTest" name="download" time="121.748"/>
  <system-out/>
</testsuite> <!-- com.pathnxt.internethero.FileUploadTest -->
