<?xml version="1.0" encoding="UTF-8"?>
<!-- Generated by org.testng.reporters.JUnitReportReporter -->
<testsuite hostname="priyaranjan" failures="0" tests="1" name="com.pathnxt.restassured.UpdateaUserTest" time="5.705" errors="0" timestamp="2022-12-20T14:00:24 IST" skipped="0">
  <testcase classname="com.pathnxt.restassured.UpdateaUserTest" name="updateuser" time="5.705"/>
  <system-out/>
</testsuite> <!-- com.pathnxt.restassured.UpdateaUserTest -->
