<?xml version="1.0" encoding="UTF-8"?>
<!-- Generated by org.testng.reporters.JUnitReportReporter -->
<testsuite hostname="priyaranjan" failures="0" tests="1" name="com.pathnxt.irctcTest.verifyNumberOfTrainsTest" time="23.063" errors="0" timestamp="2022-12-12T12:39:56 IST" skipped="0">
  <testcase classname="com.pathnxt.irctcTest.verifyNumberOfTrainsTest" name="verifynumberoftrains" time="23.063"/>
  <system-out/>
</testsuite> <!-- com.pathnxt.irctcTest.verifyNumberOfTrainsTest -->
