<?xml version="1.0" encoding="UTF-8"?>
<!-- Generated by org.testng.reporters.JUnitReportReporter -->
<testsuite hostname="priyaranjan" failures="0" tests="1" name="com.pathnxt.hyrtutorials.DatePickerTest" time="16.092" errors="0" timestamp="2022-12-15T15:09:25 IST" skipped="0">
  <testcase classname="com.pathnxt.hyrtutorials.DatePickerTest" name="calender" time="16.092"/>
  <system-out/>
</testsuite> <!-- com.pathnxt.hyrtutorials.DatePickerTest -->
