<?xml version="1.0" encoding="UTF-8"?>
<!-- Generated by org.testng.reporters.JUnitReportReporter -->
<testsuite hostname="priyaranjan" failures="0" tests="1" name="com.pathnxt.restassuredwithoutBDD.CreateAUserUsingJsonFileTest" time="3.444" errors="0" timestamp="2022-12-21T13:56:59 IST" skipped="0">
  <testcase classname="com.pathnxt.restassuredwithoutBDD.CreateAUserUsingJsonFileTest" name="createauserusingfile" time="3.444"/>
  <system-out/>
</testsuite> <!-- com.pathnxt.restassuredwithoutBDD.CreateAUserUsingJsonFileTest -->
