<?xml version="1.0" encoding="UTF-8"?>
<!-- Generated by org.testng.reporters.JUnitReportReporter -->
<testsuite hostname="priyaranjan" failures="0" tests="1" name="com.pathnxt.irctcTest.verifySuccessfulLaunchTest" time="2.259" errors="0" timestamp="2022-12-13T18:54:29 IST" skipped="0">
  <testcase classname="com.pathnxt.irctcTest.verifySuccessfulLaunchTest" name="verifyirctclaunch" time="2.259"/>
  <system-out/>
</testsuite> <!-- com.pathnxt.irctcTest.verifySuccessfulLaunchTest -->
