<?xml version="1.0" encoding="UTF-8"?>
<!-- Generated by org.testng.reporters.JUnitReportReporter -->
<testsuite hostname="priyaranjan" failures="0" tests="1" name="com.pathnxt.hyrtutorials.MulitpleTabsTest" time="25.633" errors="0" timestamp="2022-12-14T19:02:00 IST" skipped="0">
  <testcase classname="com.pathnxt.hyrtutorials.MulitpleTabsTest" name="multipletabs" time="25.633"/>
  <system-out/>
</testsuite> <!-- com.pathnxt.hyrtutorials.MulitpleTabsTest -->
