<?xml version="1.0" encoding="UTF-8"?>
<!-- Generated by org.testng.reporters.JUnitReportReporter -->
<testsuite hostname="priyaranjan" failures="0" tests="1" name="com.pathnxt.hyrtutorials.HandleNewTabTest" time="22.807" errors="0" timestamp="2022-12-14T19:02:00 IST" skipped="0">
  <testcase classname="com.pathnxt.hyrtutorials.HandleNewTabTest" name="handletab" time="22.807"/>
  <system-out/>
</testsuite> <!-- com.pathnxt.hyrtutorials.HandleNewTabTest -->
