<?xml version="1.0" encoding="UTF-8"?>
<!-- Generated by org.testng.reporters.JUnitReportReporter -->
<testsuite hostname="priyaranjan" failures="0" tests="1" name="com.pathnxt.hyrtutorials.MultipleWindowsTest" time="20.967" errors="0" timestamp="2022-12-14T19:02:00 IST" skipped="0">
  <testcase classname="com.pathnxt.hyrtutorials.MultipleWindowsTest" name="multiplewindowhandle" time="20.967"/>
  <system-out/>
</testsuite> <!-- com.pathnxt.hyrtutorials.MultipleWindowsTest -->
