<?xml version="1.0" encoding="UTF-8"?>
<!-- Generated by org.testng.reporters.JUnitReportReporter -->
<testsuite hostname="priyaranjan" failures="0" tests="1" name="com.pathnxt.restassuredvalidation.StaticValidationTest" time="0.932" errors="0" timestamp="2022-12-27T16:27:56 IST" skipped="0">
  <testcase classname="com.pathnxt.restassuredvalidation.StaticValidationTest" name="staticvalidation" time="0.932"/>
  <system-out/>
</testsuite> <!-- com.pathnxt.restassuredvalidation.StaticValidationTest -->
