<?xml version="1.0" encoding="UTF-8"?>
<!-- Generated by org.testng.reporters.JUnitReportReporter -->
<testsuite hostname="priyaranjan" failures="0" tests="2" name="com.pathnxt.demoqa.FetchingDataFromTableTest" time="22.325" errors="0" timestamp="2022-12-14T19:02:00 IST" skipped="0">
  <testcase classname="com.pathnxt.demoqa.FetchingDataFromTableTest" name="table" time="11.392"/>
  <system-out/>
  <testcase classname="com.pathnxt.demoqa.FetchingDataFromTableTest" name="table" time="10.933"/>
  <system-out/>
</testsuite> <!-- com.pathnxt.demoqa.FetchingDataFromTableTest -->
