<?xml version="1.0" encoding="UTF-8"?>
<!-- Generated by org.testng.reporters.JUnitReportReporter -->
<testsuite hostname="priyaranjan" failures="0" tests="1" name="com.pathnxt.demoqa.FtechingDataFromTableTest" time="54.678" errors="0" timestamp="2022-12-14T17:09:30 IST" skipped="0">
  <testcase classname="com.pathnxt.demoqa.FtechingDataFromTableTest" name="table" time="54.678"/>
  <system-out/>
</testsuite> <!-- com.pathnxt.demoqa.FtechingDataFromTableTest -->
