<?xml version="1.0" encoding="UTF-8"?>
<!-- Generated by org.testng.reporters.JUnitReportReporter -->
<testsuite hostname="priyaranjan" failures="0" tests="1" name="com.pathnxt.restassuredwithoutBDD.CreateAUserUsinhHashMapTest" time="4.944" errors="0" timestamp="2022-12-21T14:10:07 IST" skipped="0">
  <testcase classname="com.pathnxt.restassuredwithoutBDD.CreateAUserUsinhHashMapTest" name="creteuserusinghashmap" time="4.944"/>
  <system-out/>
</testsuite> <!-- com.pathnxt.restassuredwithoutBDD.CreateAUserUsinhHashMapTest -->
