<?xml version="1.0" encoding="UTF-8"?>
<!-- Generated by org.testng.reporters.JUnitReportReporter -->
<testsuite hostname="priyaranjan" failures="0" tests="1" name="com.pathnxt.redbusTest.calculateTotaBusesTest" time="12.597" errors="0" timestamp="2022-12-12T14:48:23 IST" skipped="0">
  <testcase classname="com.pathnxt.redbusTest.calculateTotaBusesTest" name="calculatebuses" time="12.597"/>
  <system-out/>
</testsuite> <!-- com.pathnxt.redbusTest.calculateTotaBusesTest -->
