<?xml version="1.0" encoding="UTF-8"?>
<!-- Generated by org.testng.reporters.JUnitReportReporter -->
<testsuite hostname="priyaranjan" failures="0" tests="1" name="com.pathnxt.restassuredwithoutBDD.CreateAUserUsingJsonFileTest" time="0.465" errors="0" timestamp="2022-12-27T16:27:56 IST" skipped="0">
  <testcase classname="com.pathnxt.restassuredwithoutBDD.CreateAUserUsingJsonFileTest" name="createauserusingfile" time="0.465"/>
  <system-out/>
</testsuite> <!-- com.pathnxt.restassuredwithoutBDD.CreateAUserUsingJsonFileTest -->
