<?xml version="1.0" encoding="UTF-8"?>
<!-- Generated by org.testng.reporters.JUnitReportReporter -->
<testsuite hostname="priyaranjan" failures="0" tests="1" name="com.pathnxt.hyrtutorials.MultipleWindowsTest" time="18.470" errors="0" timestamp="2022-12-13T00:23:35 IST" skipped="0">
  <testcase classname="com.pathnxt.hyrtutorials.MultipleWindowsTest" name="multiplewindowhandle" time="18.470"/>
  <system-out/>
</testsuite> <!-- com.pathnxt.hyrtutorials.MultipleWindowsTest -->
